d:\morten\pc_code\surfgraddemo\surfgraddemo\x64\debug\vc140.pdb
d:\morten\pc_code\surfgraddemo\surfgraddemo\x64\debug\vc140.idb
d:\morten\pc_code\surfgraddemo\surfgraddemo\x64\debug\dxutsettingsdlg.obj
d:\morten\pc_code\surfgraddemo\surfgraddemo\x64\debug\imeui.obj
d:\morten\pc_code\surfgraddemo\surfgraddemo\x64\debug\sdkmesh.obj
d:\morten\pc_code\surfgraddemo\surfgraddemo\x64\debug\sdkmisc.obj
d:\morten\pc_code\surfgraddemo\surfgraddemo\x64\debug\mat33.obj
d:\morten\pc_code\surfgraddemo\surfgraddemo\x64\debug\mat44.obj
d:\morten\pc_code\surfgraddemo\surfgraddemo\x64\debug\quaternion.obj
d:\morten\pc_code\surfgraddemo\surfgraddemo\x64\debug\vec3.obj
d:\morten\pc_code\surfgraddemo\surfgraddemo\x64\debug\vec4.obj
d:\morten\pc_code\surfgraddemo\surfgraddemo\x64\debug\volumetiling.obj
d:\morten\pc_code\surfgraddemo\surfgraddemo\x64\debug\main.obj
d:\morten\pc_code\surfgraddemo\surfgraddemo\x64\debug\meshdraw.obj
d:\morten\pc_code\surfgraddemo\surfgraddemo\x64\debug\objreader.obj
d:\morten\pc_code\surfgraddemo\surfgraddemo\x64\debug\mesh_fil.obj
d:\morten\pc_code\surfgraddemo\surfgraddemo\x64\debug\quadtree.obj
d:\morten\pc_code\surfgraddemo\surfgraddemo\x64\debug\scenegraph.obj
d:\morten\pc_code\surfgraddemo\surfgraddemo\x64\debug\shader.obj
d:\morten\pc_code\surfgraddemo\surfgraddemo\x64\debug\shaderpipeline.obj
d:\morten\pc_code\surfgraddemo\surfgraddemo\x64\debug\shaderutils.obj
d:\morten\pc_code\surfgraddemo\surfgraddemo\x64\debug\texture_rt.obj
d:\morten\pc_code\surfgraddemo\surfgraddemo\x64\debug\buffer.obj
d:\morten\pc_code\surfgraddemo\surfgraddemo\x64\debug\ddstextureloader.obj
d:\morten\pc_code\surfgraddemo\surfgraddemo\x64\debug\dxerr.obj
d:\morten\pc_code\surfgraddemo\surfgraddemo\x64\debug\dxut.obj
d:\morten\pc_code\surfgraddemo\surfgraddemo\x64\debug\dxutdevice11.obj
d:\morten\pc_code\surfgraddemo\surfgraddemo\x64\debug\dxutmisc.obj
d:\morten\pc_code\surfgraddemo\surfgraddemo\x64\debug\screengrab.obj
d:\morten\pc_code\surfgraddemo\surfgraddemo\x64\debug\wictextureloader.obj
d:\morten\pc_code\surfgraddemo\surfgraddemo\x64\debug\dxutcamera.obj
d:\morten\pc_code\surfgraddemo\surfgraddemo\x64\debug\dxutgui.obj
d:\morten\pc_code\surfgraddemo\surfgraddemo\x64\debug\dxutguiime.obj
d:\morten\pc_code\surfgraddemo\surfgraddemo\x64\debug\dxutres.obj
d:\morten\pc_code\surfgraddemo\surfgraddemo\x64\debug\mikktspace.obj
d:\morten\pc_code\surfgraddemo\surfgraddemo\x64\debug\weldmesh.obj
d:\morten\pc_code\surfgraddemo\surfgraddemo\x64\debug\shadows.obj
d:\morten\pc_code\surfgraddemo\x64\debug\surfgraddemo.ilk
d:\morten\pc_code\surfgraddemo\x64\debug\surfgraddemo.exe
d:\morten\pc_code\surfgraddemo\x64\debug\surfgraddemo.pdb
d:\morten\pc_code\surfgraddemo\x64\debug\shader_debug_volumes.cso
d:\morten\pc_code\surfgraddemo\x64\debug\shader_lighting_old_fptl_demo.cso
d:\morten\pc_code\surfgraddemo\x64\debug\shader_shadow_resolve.cso
d:\morten\pc_code\surfgraddemo\x64\debug\volumelist_cs.cso
d:\morten\pc_code\surfgraddemo\x64\debug\scrbound_cs.cso
d:\morten\pc_code\surfgraddemo\x64\debug\shader_basic.cso
d:\morten\pc_code\surfgraddemo\x64\debug\shader_lighting.cso
d:\morten\pc_code\surfgraddemo\surfgraddemo\x64\debug\surfgraddemo.tlog\cl.command.1.tlog
d:\morten\pc_code\surfgraddemo\surfgraddemo\x64\debug\surfgraddemo.tlog\cl.read.1.tlog
d:\morten\pc_code\surfgraddemo\surfgraddemo\x64\debug\surfgraddemo.tlog\cl.write.1.tlog
d:\morten\pc_code\surfgraddemo\surfgraddemo\x64\debug\surfgraddemo.tlog\link.command.1.tlog
d:\morten\pc_code\surfgraddemo\surfgraddemo\x64\debug\surfgraddemo.tlog\link.read.1.tlog
d:\morten\pc_code\surfgraddemo\surfgraddemo\x64\debug\surfgraddemo.tlog\link.write.1.tlog
d:\morten\pc_code\surfgraddemo\surfgraddemo\x64\debug\surfgraddemo.tlog\surfgraddemo.write.1u.tlog
